Best: -0.028736 using {'batch_size': 80, 'epochs': 100}
-0.028736 (0.004188) with: {'batch_size': 80, 'epochs': 100}
-0.030835 (0.002591) with: {'batch_size': 80, 'epochs': 150}
-0.031062 (0.003721) with: {'batch_size': 80, 'epochs': 200}
-0.033380 (0.005795) with: {'batch_size': 80, 'epochs': 250}
-0.033606 (0.001508) with: {'batch_size': 80, 'epochs': 300}
-0.036374 (0.006234) with: {'batch_size': 80, 'epochs': 350}
-0.034726 (0.004376) with: {'batch_size': 80, 'epochs': 400}
-0.032233 (0.007495) with: {'batch_size': 100, 'epochs': 100}
-0.030197 (0.002841) with: {'batch_size': 100, 'epochs': 150}
-0.031113 (0.001356) with: {'batch_size': 100, 'epochs': 200}
-0.038653 (0.006365) with: {'batch_size': 100, 'epochs': 250}
-0.038337 (0.006145) with: {'batch_size': 100, 'epochs': 300}
-0.036425 (0.004410) with: {'batch_size': 100, 'epochs': 350}
-0.037359 (0.002626) with: {'batch_size': 100, 'epochs': 400}
-0.031300 (0.005957) with: {'batch_size': 120, 'epochs': 100}
-0.030490 (0.004900) with: {'batch_size': 120, 'epochs': 150}
-0.031932 (0.000979) with: {'batch_size': 120, 'epochs': 200}
-0.031688 (0.005143) with: {'batch_size': 120, 'epochs': 250}
-0.032482 (0.001810) with: {'batch_size': 120, 'epochs': 300}
-0.031413 (0.001724) with: {'batch_size': 120, 'epochs': 350}
-0.034668 (0.002344) with: {'batch_size': 120, 'epochs': 400}
-0.031861 (0.002649) with: {'batch_size': 140, 'epochs': 100}
-0.032708 (0.003917) with: {'batch_size': 140, 'epochs': 150}
-0.031695 (0.002948) with: {'batch_size': 140, 'epochs': 200}
-0.031675 (0.004694) with: {'batch_size': 140, 'epochs': 250}
-0.030243 (0.005348) with: {'batch_size': 140, 'epochs': 300}
-0.032749 (0.002105) with: {'batch_size': 140, 'epochs': 350}
-0.036002 (0.005081) with: {'batch_size': 140, 'epochs': 400}

Best: -0.028481 using {'neurons': 100}
-0.028481 (0.006288) with: {'neurons': 100}
-0.033664 (0.003632) with: {'neurons': 150}
-0.028742 (0.005126) with: {'neurons': 200}
-0.030288 (0.002370) with: {'neurons': 250}
-0.031407 (0.007735) with: {'neurons': 300}
-0.032601 (0.001567) with: {'neurons': 350}
-0.029313 (0.004599) with: {'neurons': 400}
-0.033448 (0.000748) with: {'neurons': 450}

Best: -0.027384 using {'neurons': 100}
-0.027384 (0.003644) with: {'neurons': 100}
-0.029938 (0.002568) with: {'neurons': 150}
-0.030503 (0.007842) with: {'neurons': 200}
-0.030618 (0.003095) with: {'neurons': 250}
-0.032332 (0.002372) with: {'neurons': 300}
-0.032194 (0.001561) with: {'neurons': 350}
-0.032593 (0.002189) with: {'neurons': 400}
-0.033735 (0.005617) with: {'neurons': 450}

Best: -0.024533 using {'weight_constraint': 1, 'dropout_rate': 0.0}
-0.024533 (0.002802) with: {'weight_constraint': 1, 'dropout_rate': 0.0}
-0.031220 (0.002780) with: {'weight_constraint': 2, 'dropout_rate': 0.0}
-0.028640 (0.003242) with: {'weight_constraint': 3, 'dropout_rate': 0.0}
-0.026809 (0.004135) with: {'weight_constraint': 4, 'dropout_rate': 0.0}
-0.027680 (0.002491) with: {'weight_constraint': 5, 'dropout_rate': 0.0}
-0.045504 (0.002574) with: {'weight_constraint': 1, 'dropout_rate': 0.1}
-0.038875 (0.006164) with: {'weight_constraint': 2, 'dropout_rate': 0.1}
-0.053198 (0.013083) with: {'weight_constraint': 3, 'dropout_rate': 0.1}
-0.055562 (0.014565) with: {'weight_constraint': 4, 'dropout_rate': 0.1}
-0.046064 (0.012925) with: {'weight_constraint': 5, 'dropout_rate': 0.1}
-0.048163 (0.002529) with: {'weight_constraint': 1, 'dropout_rate': 0.2}
-0.090648 (0.037633) with: {'weight_constraint': 2, 'dropout_rate': 0.2}
-0.056150 (0.013833) with: {'weight_constraint': 3, 'dropout_rate': 0.2}
-0.061781 (0.010875) with: {'weight_constraint': 4, 'dropout_rate': 0.2}
-0.070668 (0.021724) with: {'weight_constraint': 5, 'dropout_rate': 0.2}
-0.159723 (0.115338) with: {'weight_constraint': 1, 'dropout_rate': 0.3}
-0.098879 (0.028272) with: {'weight_constraint': 2, 'dropout_rate': 0.3}
-0.070161 (0.014230) with: {'weight_constraint': 3, 'dropout_rate': 0.3}
-0.111091 (0.072243) with: {'weight_constraint': 4, 'dropout_rate': 0.3}
-0.145505 (0.049988) with: {'weight_constraint': 5, 'dropout_rate': 0.3}
-0.157276 (0.048628) with: {'weight_constraint': 1, 'dropout_rate': 0.4}
-0.125458 (0.079309) with: {'weight_constraint': 2, 'dropout_rate': 0.4}
-0.114142 (0.020288) with: {'weight_constraint': 3, 'dropout_rate': 0.4}
-0.086607 (0.050924) with: {'weight_constraint': 4, 'dropout_rate': 0.4}
-0.213582 (0.204083) with: {'weight_constraint': 5, 'dropout_rate': 0.4}
-0.148358 (0.067964) with: {'weight_constraint': 1, 'dropout_rate': 0.5}
-0.114045 (0.054371) with: {'weight_constraint': 2, 'dropout_rate': 0.5}
-0.237424 (0.087581) with: {'weight_constraint': 3, 'dropout_rate': 0.5}
-0.290409 (0.067025) with: {'weight_constraint': 4, 'dropout_rate': 0.5}
-0.081492 (0.025536) with: {'weight_constraint': 5, 'dropout_rate': 0.5}


Best: -0.025405 using {'learn_rate': 0.001}
-0.025405 (0.002639) with: {'learn_rate': 0.001}
-0.027769 (0.001473) with: {'learn_rate': 0.01}
-0.032324 (0.005275) with: {'learn_rate': 0.1}
-0.689637 (0.780403) with: {'learn_rate': 0.15}
-0.119595 (0.056012) with: {'learn_rate': 0.2}
-0.152523 (0.012511) with: {'learn_rate': 0.25}
-0.221901 (0.091558) with: {'learn_rate': 0.3}
-0.162295 (0.040652) with: {'learn_rate': 0.35}
-1.022747 (1.018763) with: {'learn_rate': 0.4}

Baseline
Using Theano backend.
train RMSE: 0.086105
train RMSE: 17487.900647
validation RMSE: 0.167497
validation RMSE: 29240.032057

Before combine
train RMSE: 0.075722
train RMSE: 15586.375538
validation RMSE: 0.164900
validation RMSE: 29198.912535



Using Theano backend.
test RMSE: 28471.632045


